<?xml version="1.0" encoding="UTF-8"?>
<!-- Generated by org.testng.reporters.JUnitReportReporter -->
<testsuite skipped="0" hostname="DESKTOP-QML0G6P" name="com.argocrm.Product.VerifyHomePageTest" tests="1" failures="0" timestamp="2021-11-13T16:10:19 IST" time="6.949" errors="0">
  <testcase name="Homepage" time="6.949" classname="com.argocrm.Product.VerifyHomePageTest"/>
  <system-out/>
</testsuite> <!-- com.argocrm.Product.VerifyHomePageTest -->
