<?xml version="1.0" encoding="UTF-8"?>
<!-- Generated by org.testng.reporters.JUnitReportReporter -->
<testsuite skipped="0" hostname="DESKTOP-QML0G6P" name="com.argocrm.tests.CreateProducts" tests="1" failures="0" timestamp="2021-11-13T16:10:19 IST" time="0.002" errors="0">
  <testcase name="Products" time="0.002" classname="com.argocrm.tests.CreateProducts"/>
  <system-out>
    <![CDATA[create product sucessfully]]>
  </system-out>
</testsuite> <!-- com.argocrm.tests.CreateProducts -->
