<?xml version="1.0" encoding="UTF-8"?>
<!-- Generated by org.testng.reporters.JUnitReportReporter -->
<testsuite skipped="0" hostname="DESKTOP-QML0G6P" name="com.argocrm.Product.NewCampainPage" tests="1" failures="0" timestamp="2021-11-13T16:10:19 IST" time="28.249" errors="0">
  <testcase name="CampainPage" time="28.249" classname="com.argocrm.Product.NewCampainPage"/>
  <system-out/>
</testsuite> <!-- com.argocrm.Product.NewCampainPage -->
