<?xml version="1.0" encoding="UTF-8"?>
<!-- Generated by org.testng.reporters.JUnitReportReporter -->
<testsuite skipped="0" hostname="DESKTOP-QML0G6P" name="com.argocrm.Product.CreateProductsTest" tests="1" failures="0" timestamp="2021-11-13T16:10:19 IST" time="3.064" errors="0">
  <testcase name="SignInPage" time="3.064" classname="com.argocrm.Product.CreateProductsTest"/>
  <system-out/>
</testsuite> <!-- com.argocrm.Product.CreateProductsTest -->
